c:\users\carter\source\repos\handlegrabber\handlegrabber\x64\debug\handlegrabber.pch
c:\users\carter\source\repos\handlegrabber\handlegrabber\x64\debug\vc141.pdb
c:\users\carter\source\repos\handlegrabber\handlegrabber\x64\debug\vc141.idb
c:\users\carter\source\repos\handlegrabber\handlegrabber\x64\debug\stdafx.obj
c:\users\carter\source\repos\handlegrabber\handlegrabber\x64\debug\handlegrabber.obj
c:\users\carter\source\repos\handlegrabber\handlegrabber\x64\debug\dllmain.obj
c:\users\carter\source\repos\handlegrabber\x64\debug\handlegrabber.lib
c:\users\carter\source\repos\handlegrabber\x64\debug\handlegrabber.exp
c:\users\carter\source\repos\handlegrabber\x64\debug\handlegrabber.dll
c:\users\carter\source\repos\handlegrabber\x64\debug\handlegrabber.ilk
c:\users\carter\source\repos\handlegrabber\x64\debug\handlegrabber.pdb
c:\users\carter\source\repos\handlegrabber\handlegrabber\x64\debug\handlegrabber.tlog\cl.command.1.tlog
c:\users\carter\source\repos\handlegrabber\handlegrabber\x64\debug\handlegrabber.tlog\cl.read.1.tlog
c:\users\carter\source\repos\handlegrabber\handlegrabber\x64\debug\handlegrabber.tlog\cl.write.1.tlog
c:\users\carter\source\repos\handlegrabber\handlegrabber\x64\debug\handlegrabber.tlog\handlegrabber.write.1u.tlog
c:\users\carter\source\repos\handlegrabber\handlegrabber\x64\debug\handlegrabber.tlog\link.19776.delete.1.tlog
c:\users\carter\source\repos\handlegrabber\handlegrabber\x64\debug\handlegrabber.tlog\link.20516.delete.1.tlog
c:\users\carter\source\repos\handlegrabber\handlegrabber\x64\debug\handlegrabber.tlog\link.20904.delete.1.tlog
c:\users\carter\source\repos\handlegrabber\handlegrabber\x64\debug\handlegrabber.tlog\link.5832.delete.1.tlog
c:\users\carter\source\repos\handlegrabber\handlegrabber\x64\debug\handlegrabber.tlog\link.7132.delete.1.tlog
c:\users\carter\source\repos\handlegrabber\handlegrabber\x64\debug\handlegrabber.tlog\link.command.1.tlog
c:\users\carter\source\repos\handlegrabber\handlegrabber\x64\debug\handlegrabber.tlog\link.read.1.tlog
c:\users\carter\source\repos\handlegrabber\handlegrabber\x64\debug\handlegrabber.tlog\link.write.1.tlog
